{"C:\\Users\\gabri\\OneDrive\\Documentos\\Projetos\\estudos-backend\\clean-node-api\\src\\presentation\\controllers\\signup.ts": {"path":"C:\\Users\\gabri\\OneDrive\\Documentos\\Projetos\\estudos-backend\\clean-node-api\\src\\presentation\\controllers\\signup.ts","all":false,"statementMap":{"0":{"start":{"line":1,"column":0},"end":{"line":1,"column":98}},"1":{"start":{"line":2,"column":0},"end":{"line":2,"column":65}},"2":{"start":{"line":3,"column":0},"end":{"line":3,"column":77}},"3":{"start":{"line":4,"column":0},"end":{"line":4,"column":57}},"4":{"start":{"line":5,"column":0},"end":{"line":5,"column":53}},"5":{"start":{"line":6,"column":0},"end":{"line":6,"column":49}},"6":{"start":{"line":7,"column":0},"end":{"line":7,"column":48}},"7":{"start":{"line":8,"column":0},"end":{"line":8,"column":40}},"8":{"start":{"line":9,"column":0},"end":{"line":9,"column":3}},"9":{"start":{"line":10,"column":0},"end":{"line":10,"column":0}},"10":{"start":{"line":11,"column":0},"end":{"line":11,"column":51}},"11":{"start":{"line":12,"column":0},"end":{"line":12,"column":9}},"12":{"start":{"line":13,"column":0},"end":{"line":13,"column":30}},"13":{"start":{"line":14,"column":0},"end":{"line":14,"column":15}},"14":{"start":{"line":15,"column":0},"end":{"line":15,"column":16}},"15":{"start":{"line":16,"column":0},"end":{"line":16,"column":19}},"16":{"start":{"line":17,"column":0},"end":{"line":17,"column":30}},"17":{"start":{"line":18,"column":0},"end":{"line":18,"column":7}},"18":{"start":{"line":19,"column":0},"end":{"line":19,"column":43}},"19":{"start":{"line":20,"column":0},"end":{"line":20,"column":39}},"20":{"start":{"line":21,"column":0},"end":{"line":21,"column":57}},"21":{"start":{"line":22,"column":0},"end":{"line":22,"column":9}},"22":{"start":{"line":23,"column":0},"end":{"line":23,"column":7}},"23":{"start":{"line":24,"column":0},"end":{"line":24,"column":14}},"24":{"start":{"line":25,"column":0},"end":{"line":25,"column":66}},"25":{"start":{"line":26,"column":0},"end":{"line":26,"column":46}},"26":{"start":{"line":27,"column":0},"end":{"line":27,"column":87}},"27":{"start":{"line":28,"column":0},"end":{"line":28,"column":7}},"28":{"start":{"line":29,"column":0},"end":{"line":29,"column":332}},"29":{"start":{"line":30,"column":0},"end":{"line":30,"column":71}},"30":{"start":{"line":31,"column":0},"end":{"line":31,"column":56}},"31":{"start":{"line":32,"column":0},"end":{"line":32,"column":21}},"32":{"start":{"line":33,"column":0},"end":{"line":33,"column":57}},"33":{"start":{"line":34,"column":0},"end":{"line":34,"column":7}},"34":{"start":{"line":35,"column":0},"end":{"line":35,"column":14}},"35":{"start":{"line":36,"column":0},"end":{"line":36,"column":24}},"36":{"start":{"line":37,"column":0},"end":{"line":37,"column":36}},"37":{"start":{"line":38,"column":0},"end":{"line":38,"column":7}},"38":{"start":{"line":39,"column":0},"end":{"line":39,"column":21}},"39":{"start":{"line":40,"column":0},"end":{"line":40,"column":26}},"40":{"start":{"line":41,"column":0},"end":{"line":41,"column":5}},"41":{"start":{"line":42,"column":0},"end":{"line":42,"column":3}},"42":{"start":{"line":43,"column":0},"end":{"line":43,"column":1}}},"s":{"0":1,"1":1,"2":1,"3":1,"4":1,"5":1,"6":1,"7":8,"8":8,"9":1,"10":1,"11":8,"12":8,"13":8,"14":8,"15":8,"16":8,"17":8,"18":8,"19":26,"20":4,"21":4,"22":26,"23":4,"24":4,"25":8,"26":1,"27":1,"28":3,"29":3,"30":3,"31":8,"32":1,"33":1,"34":1,"35":1,"36":1,"37":1,"38":1,"39":1,"40":1,"41":8,"42":1},"branchMap":{"0":{"type":"branch","line":7,"loc":{"start":{"line":7,"column":2},"end":{"line":9,"column":3}},"locations":[{"start":{"line":7,"column":2},"end":{"line":9,"column":3}}]},"1":{"type":"branch","line":11,"loc":{"start":{"line":11,"column":2},"end":{"line":42,"column":3}},"locations":[{"start":{"line":11,"column":2},"end":{"line":42,"column":3}}]},"2":{"type":"branch","line":19,"loc":{"start":{"line":19,"column":42},"end":{"line":23,"column":7}},"locations":[{"start":{"line":19,"column":42},"end":{"line":23,"column":7}}]},"3":{"type":"branch","line":20,"loc":{"start":{"line":20,"column":38},"end":{"line":22,"column":9}},"locations":[{"start":{"line":20,"column":38},"end":{"line":22,"column":9}}]},"4":{"type":"branch","line":24,"loc":{"start":{"line":24,"column":-2},"end":{"line":26,"column":45}},"locations":[{"start":{"line":24,"column":-2},"end":{"line":26,"column":45}}]},"5":{"type":"branch","line":26,"loc":{"start":{"line":26,"column":45},"end":{"line":28,"column":7}},"locations":[{"start":{"line":26,"column":45},"end":{"line":28,"column":7}}]},"6":{"type":"branch","line":29,"loc":{"start":{"line":29,"column":-2},"end":{"line":32,"column":20}},"locations":[{"start":{"line":29,"column":-2},"end":{"line":32,"column":20}}]},"7":{"type":"branch","line":32,"loc":{"start":{"line":32,"column":20},"end":{"line":41,"column":5}},"locations":[{"start":{"line":32,"column":20},"end":{"line":41,"column":5}}]}},"b":{"0":[8],"1":[8],"2":[26],"3":[4],"4":[4],"5":[1],"6":[3],"7":[1]},"fnMap":{"0":{"name":"SignUpController","decl":{"start":{"line":7,"column":2},"end":{"line":9,"column":3}},"loc":{"start":{"line":7,"column":2},"end":{"line":9,"column":3}},"line":7},"1":{"name":"handle","decl":{"start":{"line":11,"column":2},"end":{"line":42,"column":3}},"loc":{"start":{"line":11,"column":2},"end":{"line":42,"column":3}},"line":11}},"f":{"0":8,"1":8}}
,"C:\\Users\\gabri\\OneDrive\\Documentos\\Projetos\\estudos-backend\\clean-node-api\\src\\presentation\\errors\\index.ts": {"path":"C:\\Users\\gabri\\OneDrive\\Documentos\\Projetos\\estudos-backend\\clean-node-api\\src\\presentation\\errors\\index.ts","all":false,"statementMap":{"0":{"start":{"line":1,"column":0},"end":{"line":1,"column":37}},"1":{"start":{"line":2,"column":0},"end":{"line":2,"column":37}},"2":{"start":{"line":3,"column":0},"end":{"line":3,"column":30}},"3":{"start":{"line":4,"column":0},"end":{"line":4,"column":53}}},"s":{"0":1,"1":1,"2":1,"3":1},"branchMap":{},"b":{},"fnMap":{},"f":{}}
,"C:\\Users\\gabri\\OneDrive\\Documentos\\Projetos\\estudos-backend\\clean-node-api\\src\\presentation\\errors\\invalid-param-error.ts": {"path":"C:\\Users\\gabri\\OneDrive\\Documentos\\Projetos\\estudos-backend\\clean-node-api\\src\\presentation\\errors\\invalid-param-error.ts","all":false,"statementMap":{"0":{"start":{"line":1,"column":0},"end":{"line":1,"column":46}},"1":{"start":{"line":2,"column":0},"end":{"line":2,"column":35}},"2":{"start":{"line":3,"column":0},"end":{"line":3,"column":40}},"3":{"start":{"line":4,"column":0},"end":{"line":4,"column":35}},"4":{"start":{"line":5,"column":0},"end":{"line":5,"column":3}},"5":{"start":{"line":6,"column":0},"end":{"line":6,"column":1}}},"s":{"0":1,"1":1,"2":2,"3":2,"4":2,"5":1},"branchMap":{"0":{"type":"branch","line":2,"loc":{"start":{"line":2,"column":2},"end":{"line":5,"column":3}},"locations":[{"start":{"line":2,"column":2},"end":{"line":5,"column":3}}]}},"b":{"0":[2]},"fnMap":{"0":{"name":"InvalidParamError","decl":{"start":{"line":2,"column":2},"end":{"line":5,"column":3}},"loc":{"start":{"line":2,"column":2},"end":{"line":5,"column":3}},"line":2}},"f":{"0":2}}
,"C:\\Users\\gabri\\OneDrive\\Documentos\\Projetos\\estudos-backend\\clean-node-api\\src\\presentation\\errors\\invalid-password-confirmation-error.ts": {"path":"C:\\Users\\gabri\\OneDrive\\Documentos\\Projetos\\estudos-backend\\clean-node-api\\src\\presentation\\errors\\invalid-password-confirmation-error.ts","all":false,"statementMap":{"0":{"start":{"line":1,"column":0},"end":{"line":1,"column":61}},"1":{"start":{"line":2,"column":0},"end":{"line":2,"column":46}},"2":{"start":{"line":3,"column":0},"end":{"line":3,"column":67}},"3":{"start":{"line":4,"column":0},"end":{"line":4,"column":50}},"4":{"start":{"line":5,"column":0},"end":{"line":5,"column":3}},"5":{"start":{"line":6,"column":0},"end":{"line":6,"column":1}}},"s":{"0":1,"1":1,"2":2,"3":2,"4":2,"5":1},"branchMap":{"0":{"type":"branch","line":2,"loc":{"start":{"line":2,"column":2},"end":{"line":5,"column":3}},"locations":[{"start":{"line":2,"column":2},"end":{"line":5,"column":3}}]}},"b":{"0":[2]},"fnMap":{"0":{"name":"InvalidPasswordConfirmationError","decl":{"start":{"line":2,"column":2},"end":{"line":5,"column":3}},"loc":{"start":{"line":2,"column":2},"end":{"line":5,"column":3}},"line":2}},"f":{"0":2}}
,"C:\\Users\\gabri\\OneDrive\\Documentos\\Projetos\\estudos-backend\\clean-node-api\\src\\presentation\\errors\\missing-param-error.ts": {"path":"C:\\Users\\gabri\\OneDrive\\Documentos\\Projetos\\estudos-backend\\clean-node-api\\src\\presentation\\errors\\missing-param-error.ts","all":false,"statementMap":{"0":{"start":{"line":1,"column":0},"end":{"line":1,"column":46}},"1":{"start":{"line":2,"column":0},"end":{"line":2,"column":35}},"2":{"start":{"line":3,"column":0},"end":{"line":3,"column":40}},"3":{"start":{"line":4,"column":0},"end":{"line":4,"column":35}},"4":{"start":{"line":5,"column":0},"end":{"line":5,"column":3}},"5":{"start":{"line":6,"column":0},"end":{"line":6,"column":1}}},"s":{"0":1,"1":1,"2":8,"3":8,"4":8,"5":1},"branchMap":{"0":{"type":"branch","line":2,"loc":{"start":{"line":2,"column":2},"end":{"line":5,"column":3}},"locations":[{"start":{"line":2,"column":2},"end":{"line":5,"column":3}}]}},"b":{"0":[8]},"fnMap":{"0":{"name":"MissingParamError","decl":{"start":{"line":2,"column":2},"end":{"line":5,"column":3}},"loc":{"start":{"line":2,"column":2},"end":{"line":5,"column":3}},"line":2}},"f":{"0":8}}
,"C:\\Users\\gabri\\OneDrive\\Documentos\\Projetos\\estudos-backend\\clean-node-api\\src\\presentation\\errors\\server-error.ts": {"path":"C:\\Users\\gabri\\OneDrive\\Documentos\\Projetos\\estudos-backend\\clean-node-api\\src\\presentation\\errors\\server-error.ts","all":false,"statementMap":{"0":{"start":{"line":1,"column":0},"end":{"line":1,"column":40}},"1":{"start":{"line":2,"column":0},"end":{"line":2,"column":18}},"2":{"start":{"line":3,"column":0},"end":{"line":3,"column":34}},"3":{"start":{"line":4,"column":0},"end":{"line":4,"column":29}},"4":{"start":{"line":5,"column":0},"end":{"line":5,"column":3}},"5":{"start":{"line":6,"column":0},"end":{"line":6,"column":1}}},"s":{"0":1,"1":1,"2":2,"3":2,"4":2,"5":1},"branchMap":{"0":{"type":"branch","line":2,"loc":{"start":{"line":2,"column":2},"end":{"line":5,"column":3}},"locations":[{"start":{"line":2,"column":2},"end":{"line":5,"column":3}}]}},"b":{"0":[2]},"fnMap":{"0":{"name":"ServerError","decl":{"start":{"line":2,"column":2},"end":{"line":5,"column":3}},"loc":{"start":{"line":2,"column":2},"end":{"line":5,"column":3}},"line":2}},"f":{"0":2}}
,"C:\\Users\\gabri\\OneDrive\\Documentos\\Projetos\\estudos-backend\\clean-node-api\\src\\presentation\\helpers\\http-helpers.ts": {"path":"C:\\Users\\gabri\\OneDrive\\Documentos\\Projetos\\estudos-backend\\clean-node-api\\src\\presentation\\helpers\\http-helpers.ts","all":false,"statementMap":{"0":{"start":{"line":1,"column":0},"end":{"line":1,"column":52}},"1":{"start":{"line":2,"column":0},"end":{"line":2,"column":53}},"2":{"start":{"line":3,"column":0},"end":{"line":3,"column":0}},"3":{"start":{"line":4,"column":0},"end":{"line":4,"column":60}},"4":{"start":{"line":5,"column":0},"end":{"line":5,"column":18}},"5":{"start":{"line":6,"column":0},"end":{"line":6,"column":13}},"6":{"start":{"line":7,"column":0},"end":{"line":7,"column":2}},"7":{"start":{"line":8,"column":0},"end":{"line":8,"column":0}},"8":{"start":{"line":9,"column":0},"end":{"line":9,"column":49}},"9":{"start":{"line":10,"column":0},"end":{"line":10,"column":18}},"10":{"start":{"line":11,"column":0},"end":{"line":11,"column":25}},"11":{"start":{"line":12,"column":0},"end":{"line":12,"column":2}}},"s":{"0":1,"1":1,"2":1,"3":1,"4":6,"5":6,"6":6,"7":1,"8":1,"9":1,"10":1,"11":1},"branchMap":{"0":{"type":"branch","line":4,"loc":{"start":{"line":4,"column":26},"end":{"line":7,"column":2}},"locations":[{"start":{"line":4,"column":26},"end":{"line":7,"column":2}}]},"1":{"type":"branch","line":9,"loc":{"start":{"line":9,"column":27},"end":{"line":12,"column":2}},"locations":[{"start":{"line":9,"column":27},"end":{"line":12,"column":2}}]}},"b":{"0":[6],"1":[1]},"fnMap":{"0":{"name":"badRequest","decl":{"start":{"line":4,"column":26},"end":{"line":7,"column":2}},"loc":{"start":{"line":4,"column":26},"end":{"line":7,"column":2}},"line":4},"1":{"name":"serverError","decl":{"start":{"line":9,"column":27},"end":{"line":12,"column":2}},"loc":{"start":{"line":9,"column":27},"end":{"line":12,"column":2}},"line":9}},"f":{"0":6,"1":1}}
,"C:\\Users\\gabri\\OneDrive\\Documentos\\Projetos\\estudos-backend\\clean-node-api\\src\\presentation\\protocols\\controller.ts": {"path":"C:\\Users\\gabri\\OneDrive\\Documentos\\Projetos\\estudos-backend\\clean-node-api\\src\\presentation\\protocols\\controller.ts","all":true,"statementMap":{"0":{"start":{"line":1,"column":0},"end":{"line":1,"column":55}},"1":{"start":{"line":2,"column":0},"end":{"line":2,"column":0}},"2":{"start":{"line":3,"column":0},"end":{"line":3,"column":29}},"3":{"start":{"line":4,"column":0},"end":{"line":4,"column":52}},"4":{"start":{"line":5,"column":0},"end":{"line":5,"column":1}}},"s":{"0":0,"1":0,"2":0,"3":0,"4":0},"branchMap":{"0":{"type":"branch","line":1,"loc":{"start":{"line":1,"column":0},"end":{"line":5,"column":1}},"locations":[{"start":{"line":1,"column":0},"end":{"line":5,"column":1}}]}},"b":{"0":[0]},"fnMap":{"0":{"name":"(empty-report)","decl":{"start":{"line":1,"column":0},"end":{"line":5,"column":1}},"loc":{"start":{"line":1,"column":0},"end":{"line":5,"column":1}},"line":1}},"f":{"0":0}}
,"C:\\Users\\gabri\\OneDrive\\Documentos\\Projetos\\estudos-backend\\clean-node-api\\src\\presentation\\protocols\\email-validator.ts": {"path":"C:\\Users\\gabri\\OneDrive\\Documentos\\Projetos\\estudos-backend\\clean-node-api\\src\\presentation\\protocols\\email-validator.ts","all":true,"statementMap":{"0":{"start":{"line":1,"column":0},"end":{"line":1,"column":33}},"1":{"start":{"line":2,"column":0},"end":{"line":2,"column":37}},"2":{"start":{"line":3,"column":0},"end":{"line":3,"column":1}}},"s":{"0":0,"1":0,"2":0},"branchMap":{"0":{"type":"branch","line":1,"loc":{"start":{"line":1,"column":0},"end":{"line":3,"column":1}},"locations":[{"start":{"line":1,"column":0},"end":{"line":3,"column":1}}]}},"b":{"0":[0]},"fnMap":{"0":{"name":"(empty-report)","decl":{"start":{"line":1,"column":0},"end":{"line":3,"column":1}},"loc":{"start":{"line":1,"column":0},"end":{"line":3,"column":1}},"line":1}},"f":{"0":0}}
,"C:\\Users\\gabri\\OneDrive\\Documentos\\Projetos\\estudos-backend\\clean-node-api\\src\\presentation\\protocols\\http.ts": {"path":"C:\\Users\\gabri\\OneDrive\\Documentos\\Projetos\\estudos-backend\\clean-node-api\\src\\presentation\\protocols\\http.ts","all":true,"statementMap":{"0":{"start":{"line":1,"column":0},"end":{"line":1,"column":30}},"1":{"start":{"line":2,"column":0},"end":{"line":2,"column":12}},"2":{"start":{"line":3,"column":0},"end":{"line":3,"column":1}},"3":{"start":{"line":4,"column":0},"end":{"line":4,"column":31}},"4":{"start":{"line":5,"column":0},"end":{"line":5,"column":20}},"5":{"start":{"line":6,"column":0},"end":{"line":6,"column":11}},"6":{"start":{"line":7,"column":0},"end":{"line":7,"column":1}}},"s":{"0":0,"1":0,"2":0,"3":0,"4":0,"5":0,"6":0},"branchMap":{"0":{"type":"branch","line":1,"loc":{"start":{"line":1,"column":0},"end":{"line":7,"column":1}},"locations":[{"start":{"line":1,"column":0},"end":{"line":7,"column":1}}]}},"b":{"0":[0]},"fnMap":{"0":{"name":"(empty-report)","decl":{"start":{"line":1,"column":0},"end":{"line":7,"column":1}},"loc":{"start":{"line":1,"column":0},"end":{"line":7,"column":1}},"line":1}},"f":{"0":0}}
,"C:\\Users\\gabri\\OneDrive\\Documentos\\Projetos\\estudos-backend\\clean-node-api\\src\\presentation\\protocols\\index.ts": {"path":"C:\\Users\\gabri\\OneDrive\\Documentos\\Projetos\\estudos-backend\\clean-node-api\\src\\presentation\\protocols\\index.ts","all":true,"statementMap":{"0":{"start":{"line":1,"column":0},"end":{"line":1,"column":28}},"1":{"start":{"line":2,"column":0},"end":{"line":2,"column":33}},"2":{"start":{"line":3,"column":0},"end":{"line":3,"column":22}}},"s":{"0":0,"1":0,"2":0},"branchMap":{"0":{"type":"branch","line":1,"loc":{"start":{"line":1,"column":0},"end":{"line":3,"column":22}},"locations":[{"start":{"line":1,"column":0},"end":{"line":3,"column":22}}]}},"b":{"0":[0]},"fnMap":{"0":{"name":"(empty-report)","decl":{"start":{"line":1,"column":0},"end":{"line":3,"column":22}},"loc":{"start":{"line":1,"column":0},"end":{"line":3,"column":22}},"line":1}},"f":{"0":0}}
}
